{"numFailedTestSuites":0,"numFailedTests":0,"numPassedTestSuites":1,"numPassedTests":2,"numPendingTestSuites":0,"numPendingTests":0,"numRuntimeErrorTestSuites":0,"numTodoTests":0,"numTotalTestSuites":1,"numTotalTests":2,"openHandles":[],"snapshot":{"added":0,"didUpdate":false,"failure":true,"filesAdded":0,"filesRemoved":1,"filesRemovedList":["/Users/jeromeklam/GitHub/react-bootstrap-front/tests/features/basic/__snapshots__/Test.test.js.snap"],"filesUnmatched":0,"filesUpdated":0,"matched":0,"total":0,"unchecked":0,"uncheckedKeysByFile":[],"unmatched":0,"updated":0},"startTime":1604963893207,"success":false,"testResults":[{"assertionResults":[{"ancestorTitles":[],"failureMessages":[],"fullName":"empty Filter","location":null,"status":"passed","title":"empty Filter"},{"ancestorTitles":[],"failureMessages":[],"fullName":"simple Filter","location":null,"status":"passed","title":"simple Filter"}],"endTime":1604963895122,"message":"","name":"/Users/jeromeklam/GitHub/react-bootstrap-front/tests/features/filter/filter.test.js","startTime":1604963893731,"status":"passed","summary":""}],"wasInterrupted":false}