{"numFailedTestSuites":0,"numFailedTests":0,"numPassedTestSuites":1,"numPassedTests":1,"numPendingTestSuites":0,"numPendingTests":0,"numRuntimeErrorTestSuites":0,"numTodoTests":0,"numTotalTestSuites":1,"numTotalTests":1,"openHandles":[],"snapshot":{"added":1,"didUpdate":false,"failure":true,"filesAdded":1,"filesRemoved":1,"filesRemovedList":["/Users/jeromeklam/GitHub/react-bootstrap-front/tests/features/basic/__snapshots__/Test.test.js.snap"],"filesUnmatched":0,"filesUpdated":0,"matched":0,"total":1,"unchecked":0,"uncheckedKeysByFile":[],"unmatched":0,"updated":0},"startTime":1605361850844,"success":false,"testResults":[{"assertionResults":[{"ancestorTitles":[],"failureMessages":[],"fullName":"render with className and name","location":null,"status":"passed","title":"render with className and name"}],"endTime":1605361852596,"message":"","name":"/Users/jeromeklam/GitHub/react-bootstrap-front/tests/features/trello/SearchCardLink.test.js","startTime":1605361851536,"status":"passed","summary":""}],"wasInterrupted":false}